<?xml version="1.0" encoding="UTF-8"?>
<testng-results ignored="0" total="1" passed="1" failed="0" skipped="0">
  <reporter-output>
  </reporter-output>
  <suite started-at="2025-11-19T12:07:00 IST" name="Surefire suite" finished-at="2025-11-19T12:07:09 IST" duration-ms="8704">
    <groups>
    </groups>
    <test started-at="2025-11-19T12:07:00 IST" name="Surefire test" finished-at="2025-11-19T12:07:09 IST" duration-ms="8704">
      <class name="com.kishan.tests.BlazeDemoTest">
        <test-method signature="bookFlightTest()[pri:0, instance:com.kishan.tests.BlazeDemoTest@53ca01a2]" started-at="2025-11-19T12:07:00 IST" name="bookFlightTest" finished-at="2025-11-19T12:07:09 IST" duration-ms="8673" status="PASS">
          <reporter-output>
          </reporter-output>
        </test-method> <!-- bookFlightTest -->
      </class> <!-- com.kishan.tests.BlazeDemoTest -->
    </test> <!-- Surefire test -->
  </suite> <!-- Surefire suite -->
</testng-results>
