<?xml version="1.0" encoding="UTF-8"?>
<testng-results ignored="0" total="1" passed="1" failed="0" skipped="0">
  <reporter-output>
  </reporter-output>
  <suite started-at="2025-11-19T11:50:08 IST" name="Default suite" finished-at="2025-11-19T11:50:17 IST" duration-ms="9204">
    <groups>
    </groups>
    <test started-at="2025-11-19T11:50:08 IST" name="Default test" finished-at="2025-11-19T11:50:17 IST" duration-ms="9204">
      <class name="com.kishan.tests.BlazeDemoTest">
        <test-method signature="bookFlightTest()[pri:0, instance:com.kishan.tests.BlazeDemoTest@2e005c4b]" started-at="2025-11-19T11:50:08 IST" name="bookFlightTest" finished-at="2025-11-19T11:50:17 IST" duration-ms="9151" status="PASS">
          <reporter-output>
          </reporter-output>
        </test-method> <!-- bookFlightTest -->
      </class> <!-- com.kishan.tests.BlazeDemoTest -->
    </test> <!-- Default test -->
  </suite> <!-- Default suite -->
</testng-results>
